<?xml version="1.0" encoding="UTF-8"?>
<testsuite xmlns:xsi="http://www.w3.org/2001/XMLSchema-instance" xsi:noNamespaceSchemaLocation="https://maven.apache.org/surefire/maven-surefire-plugin/xsd/surefire-test-report-3.0.xsd" version="3.0" name="com.griddynamics.stockinfo.service.JobsTest" time="11.57" tests="6" errors="0" skipped="0" failures="0">
  <properties>
[...]
</properties>
  <testcase name="scheduleOnGetAnalyticDataTest" classname="com.griddynamics.stockinfo.service.JobsTest" time="5.049">
    <system-out><![CDATA[2023-11-13T10:45:47.687+02:00  INFO 6736 --- [           main] t.c.s.AnnotationConfigContextLoaderUtils : Could not detect default configuration classes for test class [com.griddynamics.stockinfo.service.JobsTest]: JobsTest does not declare any static, non-private, non-final, nested classes annotated with @Configuration.
2023-11-13T10:45:47.691+02:00  INFO 6736 --- [           main] .b.t.c.SpringBootTestContextBootstrapper : Found @SpringBootConfiguration com.griddynamics.stockinfo.AsyncApiStockDataManagerMsApplication for test class com.griddynamics.stockinfo.service.JobsTest

  .   ____          _            __ _ _
 /\\ / ___'_ __ _ _(_)_ __  __ _ \ \ \ \
( ( )\___ | '_ | '_| | '_ \/ _` | \ \ \ \
 \\/  ___)| |_)| | | | | || (_| |  ) ) ) )
  '  |____| .__|_| |_|_| |_\__, | / / / /
 =========|_|==============|___/=/_/_/_/
 :: Spring Boot ::                (v3.1.3)

2023-11-13T10:45:47.800+02:00  INFO 6736 --- [           main] c.g.stockinfo.service.JobsTest           : Starting JobsTest using Java 17.0.5 with PID 6736 (started by spezdm in C:\Users\spezdm\IdeaProjects\StockInformation)
2023-11-13T10:45:47.801+02:00  INFO 6736 --- [           main] c.g.stockinfo.service.JobsTest           : No active profile set, falling back to 1 default profile: "default"
2023-11-13T10:45:48.099+02:00  INFO 6736 --- [           main] .s.d.r.c.RepositoryConfigurationDelegate : Multiple Spring Data modules found, entering strict repository configuration mode
2023-11-13T10:45:48.101+02:00  INFO 6736 --- [           main] .s.d.r.c.RepositoryConfigurationDelegate : Bootstrapping Spring Data R2DBC repositories in DEFAULT mode.
2023-11-13T10:45:48.105+02:00  INFO 6736 --- [           main] .s.d.r.c.RepositoryConfigurationDelegate : Finished Spring Data repository scanning in 2 ms. Found 0 R2DBC repository interfaces.
2023-11-13T10:45:48.141+02:00  INFO 6736 --- [           main] .s.d.r.c.RepositoryConfigurationDelegate : Multiple Spring Data modules found, entering strict repository configuration mode
2023-11-13T10:45:48.142+02:00  INFO 6736 --- [           main] .s.d.r.c.RepositoryConfigurationDelegate : Bootstrapping Spring Data R2DBC repositories in DEFAULT mode.
2023-11-13T10:45:48.163+02:00  INFO 6736 --- [           main] .s.d.r.c.RepositoryConfigurationDelegate : Finished Spring Data repository scanning in 20 ms. Found 2 R2DBC repository interfaces.
2023-11-13T10:45:48.827+02:00  INFO 6736 --- [           main] o.f.c.i.database.base.BaseDatabaseType   : Database: jdbc:postgresql://localhost:5432/stocks-db (PostgreSQL 14.9)
2023-11-13T10:45:48.855+02:00  INFO 6736 --- [           main] o.f.core.internal.command.DbValidate     : Successfully validated 5 migrations (execution time 00:00.018s)
2023-11-13T10:45:48.957+02:00  INFO 6736 --- [           main] o.f.core.internal.command.DbMigrate      : Current version of schema "public": 5
2023-11-13T10:45:48.958+02:00  INFO 6736 --- [           main] o.f.core.internal.command.DbMigrate      : Schema "public" is up to date. No migration necessary.
2023-11-13T10:45:48.999+02:00  INFO 6736 --- [           main] c.g.stockinfo.service.JobsTest           : Started JobsTest in 1.302 seconds (process running for 13.518)
]]></system-out>
  </testcase>
  <testcase name="callOnStartupTest" classname="com.griddynamics.stockinfo.service.JobsTest" time="0.015">
    <system-out><![CDATA[2023-11-13T10:45:54.069+02:00  INFO 6736 --- [ool-10-thread-1] c.g.stockinfo.jobs.ProcessDataJob        : Processing data of companies was finished
]]></system-out>
  </testcase>
  <testcase name="callGetAnalyticDataTest" classname="com.griddynamics.stockinfo.service.JobsTest" time="0.005"/>
  <testcase name="scheduleOnStartupTest" classname="com.griddynamics.stockinfo.service.JobsTest" time="0.118"/>
  <testcase name="callGetStockDataTest" classname="com.griddynamics.stockinfo.service.JobsTest" time="0.017">
    <system-out><![CDATA[2023-11-13T10:45:54.214+02:00  INFO 6736 --- [ool-10-thread-1] c.g.stockinfo.jobs.ProcessDataJob        : Precessing data of stocks was finished
2023-11-13T10:45:54.218+02:00  INFO 6736 --- [           main] c.g.stockinfo.util.ExecutionTimeAdvice   : Method name: runProcessingStockDataJob. Thread 1. Time taken for execution is: 0,003 seconds
]]></system-out>
  </testcase>
  <testcase name="scheduleGetStockDataTest" classname="com.griddynamics.stockinfo.service.JobsTest" time="5.024"/>
</testsuite>